[2020-06-03 10:19:23 UTC] [0x00007f0654618740] <info> : Parsing configuration file...
[2020-06-03 10:19:23 UTC] [0x00007f0654618740] <fatal> : Bad transition from TOKEN_TYPE_NORMAL to TOKEN_TYPE_END_BLOCK
[2020-06-03 10:19:23 UTC] [0x00007f0654618740] <debug> : port is: 8080
[2020-06-03 10:19:23 UTC] [0x00007f0654618740] <debug> : url is: /echo
[2020-06-03 10:19:23 UTC] [0x00007f0654618740] <debug> : handler is: EchoHandler
[2020-06-03 10:19:23 UTC] [0x00007f0654618740] <debug> : url is: /static
[2020-06-03 10:19:23 UTC] [0x00007f0654618740] <debug> : handler is: StaticHandler
[2020-06-03 10:19:23 UTC] [0x00007f0654618740] <debug> : url is: /itwc_static
[2020-06-03 10:19:23 UTC] [0x00007f0654618740] <debug> : handler is: StaticHandler
[2020-06-03 10:19:23 UTC] [0x00007f0654618740] <debug> : url is: /status
[2020-06-03 10:19:23 UTC] [0x00007f0654618740] <debug> : handler is: StatusHandler
[2020-06-03 10:19:23 UTC] [0x00007f0654618740] <debug> : url is: /ucla
[2020-06-03 10:19:23 UTC] [0x00007f0654618740] <debug> : handler is: ReverseProxyHandler
[2020-06-03 10:19:23 UTC] [0x00007f0654618740] <debug> : url is: /columbia
[2020-06-03 10:19:23 UTC] [0x00007f0654618740] <debug> : handler is: ReverseProxyHandler
[2020-06-03 10:19:23 UTC] [0x00007f0654618740] <debug> : url is: /health
[2020-06-03 10:19:23 UTC] [0x00007f0654618740] <debug> : handler is: HealthHandler
[2020-06-03 10:19:23 UTC] [0x00007f0654618740] <debug> : url is: /itwc
[2020-06-03 10:19:23 UTC] [0x00007f0654618740] <debug> : handler is: ITWCHandler
[2020-06-03 10:19:23 UTC] [0x00007f0654618740] <info> : Parsing completed, starting server at port number 8080
[2020-06-03 10:19:23 UTC] [0x00007f0654618740] <debug> : Root path: ../data/echo_data
[2020-06-03 10:19:23 UTC] [0x00007f0654618740] <debug> : Root path: ../data/static_data
[2020-06-03 10:19:23 UTC] [0x00007f0654618740] <debug> : Root path: ../data/ITWC
[2020-06-03 10:19:23 UTC] [0x00007f0654618740] <debug> : Root path: 
[2020-06-03 10:19:23 UTC] [0x00007f0654618740] <error> : Initialized proxy handler
[2020-06-03 10:19:23 UTC] [0x00007f0654618740] <debug> : Root path: 
[2020-06-03 10:19:23 UTC] [0x00007f0654618740] <error> : Initialized proxy handler
[2020-06-03 10:19:23 UTC] [0x00007f0654618740] <debug> : Root path: 
[2020-06-03 10:19:23 UTC] [0x00007f0654618740] <debug> : Root path: 
[2020-06-03 10:19:23 UTC] [0x00007f0654618740] <debug> : Root path: ../data/ITWC
[2020-06-03 10:19:23 UTC] [0x00007f0654618740] <debug> : Root path: ../data/echo_data
[2020-06-03 10:19:23 UTC] [0x00007f0654618740] <info> : Server has been started.
[2020-06-03 10:19:27 UTC] [0x00007f06534ae700] <info> : Start session
[2020-06-03 10:19:27 UTC] [0x00007f06534ae700] <info> : Connection established with a client.
[2020-06-03 10:19:27 UTC] [0x00007f06534ae700] <info> : Start session
[2020-06-03 10:19:27 UTC] [0x00007f06534ae700] <info> : Connection established with a client.
[2020-06-03 10:19:27 UTC] [0x00007f06514aa700] <debug> : START /itwc/html/main.html
[2020-06-03 10:19:27 UTC] [0x00007f06514aa700] <debug> : Incremented ITWC number of handler
[2020-06-03 10:19:27 UTC] [0x00007f06514aa700] <info> : ITWC handler accessing front.html
[2020-06-03 10:19:27 UTC] [0x00007f06514aa700] <info> : Access Successful.
[2020-06-03 10:19:27 UTC] [0x00007f06514aa700] <debug> : Added 200 to the code map
[2020-06-03 10:19:27 UTC] [0x00007f06514aa700] <debug> : Added /itwc/html/main.html to url map
[2020-06-03 10:19:27 UTC] [0x00007f06514aa700] <info> : [Message] Response created successfully [ResponseMetrics] (1)RESPONSE CODE: 200, (2)REQUEST HANDLER: ITWC, (3)IP_ADDRESS: 172.17.0.1
[2020-06-03 10:19:27 UTC] [0x00007f06514aa700] <info> : This is a valid request.
[2020-06-03 10:19:27 UTC] [0x00007f06514aa700] <info> : Request info: method: GET, uri: /itwc/html/main.html
[2020-06-03 10:19:27 UTC] [0x00007f06514aa700] <info> : Successfully closed connection with a client.
[2020-06-03 10:19:27 UTC] [0x00007f0652cad700] <debug> : START /itwc/css/main.css
[2020-06-03 10:19:27 UTC] [0x00007f0652cad700] <debug> : Incremented ITWC number of handler
[2020-06-03 10:19:27 UTC] [0x00007f0652cad700] <info> : ITWC handler accessing front.html
[2020-06-03 10:19:27 UTC] [0x00007f0652cad700] <info> : Access Successful.
[2020-06-03 10:19:27 UTC] [0x00007f0652cad700] <debug> : incremented 200 in the code map
[2020-06-03 10:19:27 UTC] [0x00007f0652cad700] <debug> : Added /itwc/css/main.css to url map
[2020-06-03 10:19:27 UTC] [0x00007f0652cad700] <info> : [Message] Response created successfully [ResponseMetrics] (1)RESPONSE CODE: 200, (2)REQUEST HANDLER: ITWC, (3)IP_ADDRESS: 172.17.0.1
[2020-06-03 10:19:27 UTC] [0x00007f0652cad700] <info> : This is a valid request.
[2020-06-03 10:19:27 UTC] [0x00007f0652cad700] <info> : Request info: method: GET, uri: /itwc/css/main.css
[2020-06-03 10:19:27 UTC] [0x00007f0652cad700] <info> : Successfully closed connection with a client.
[2020-06-03 10:19:27 UTC] [0x00007f0650ca9700] <info> : Start session
[2020-06-03 10:19:27 UTC] [0x00007f0650ca9700] <info> : Connection established with a client.
[2020-06-03 10:19:27 UTC] [0x00007f0650ca9700] <debug> : START /itwc/temp/
[2020-06-03 10:19:27 UTC] [0x00007f0650ca9700] <debug> : Incremented ITWC number of handler
[2020-06-03 10:19:27 UTC] [0x00007f0650ca9700] <info> : This is a valid request.
[2020-06-03 10:19:27 UTC] [0x00007f0650ca9700] <info> : Request info: method: GET, uri: /itwc/temp/
[2020-06-03 10:19:27 UTC] [0x00007f06524ac700] <info> : Successfully closed connection with a client.
[2020-06-03 10:19:27 UTC] [0x00007f0651cab700] <info> : Start session
[2020-06-03 10:19:27 UTC] [0x00007f0651cab700] <info> : Connection established with a client.
[2020-06-03 10:19:27 UTC] [0x00007f06514aa700] <info> : Start session
[2020-06-03 10:19:27 UTC] [0x00007f06514aa700] <info> : Connection established with a client.
[2020-06-03 10:19:27 UTC] [0x00007f0651cab700] <debug> : START /itwc/sets/set_temp/1.jpg
[2020-06-03 10:19:27 UTC] [0x00007f0651cab700] <debug> : Incremented ITWC number of handler
[2020-06-03 10:19:27 UTC] [0x00007f0651cab700] <info> : ITWC handler accessing front.html
[2020-06-03 10:19:27 UTC] [0x00007f06514aa700] <debug> : START /itwc/sets/set_temp/2.jpg
[2020-06-03 10:19:27 UTC] [0x00007f0651cab700] <info> : Access Successful.
[2020-06-03 10:19:27 UTC] [0x00007f06514aa700] <debug> : Incremented ITWC number of handler
[2020-06-03 10:19:27 UTC] [0x00007f06514aa700] <info> : ITWC handler accessing front.html
[2020-06-03 10:19:27 UTC] [0x00007f0651cab700] <debug> : incremented 200 in the code map
[2020-06-03 10:19:27 UTC] [0x00007f0651cab700] <debug> : Added /itwc/sets/set_temp/1.jpg to url map
[2020-06-03 10:19:27 UTC] [0x00007f06514aa700] <info> : Access Successful.
[2020-06-03 10:19:27 UTC] [0x00007f06514aa700] <debug> : incremented 200 in the code map
[2020-06-03 10:19:27 UTC] [0x00007f06514aa700] <debug> : Added /itwc/sets/set_temp/2.jpg to url map
[2020-06-03 10:19:27 UTC] [0x00007f06514aa700] <info> : [Message] Response created successfully [ResponseMetrics] (1)RESPONSE CODE: 200, (2)REQUEST HANDLER: ITWC, (3)IP_ADDRESS: 172.17.0.1
[2020-06-03 10:19:27 UTC] [0x00007f0651cab700] <info> : [Message] Response created successfully [ResponseMetrics] (1)RESPONSE CODE: 200, (2)REQUEST HANDLER: ITWC, (3)IP_ADDRESS: 172.17.0.1
[2020-06-03 10:19:27 UTC] [0x00007f06514aa700] <info> : This is a valid request.
[2020-06-03 10:19:27 UTC] [0x00007f06514aa700] <info> : Request info: method: GET, uri: /itwc/sets/set_temp/2.jpg
[2020-06-03 10:19:27 UTC] [0x00007f0651cab700] <info> : This is a valid request.
[2020-06-03 10:19:27 UTC] [0x00007f0651cab700] <info> : Request info: method: GET, uri: /itwc/sets/set_temp/1.jpg
[2020-06-03 10:19:27 UTC] [0x00007f06524ac700] <info> : Successfully closed connection with a client.
[2020-06-03 10:19:27 UTC] [0x00007f0651cab700] <info> : Successfully closed connection with a client.
