[2020-06-10 22:15:09 UTC] [0x00007fa7f764b740] <info> : Parsing configuration file...
[2020-06-10 22:15:09 UTC] [0x00007fa7f764b740] <fatal> : Bad transition from TOKEN_TYPE_NORMAL to TOKEN_TYPE_END_BLOCK
[2020-06-10 22:15:09 UTC] [0x00007fa7f764b740] <debug> : port is: 8080
[2020-06-10 22:15:09 UTC] [0x00007fa7f764b740] <debug> : url is: /echo
[2020-06-10 22:15:09 UTC] [0x00007fa7f764b740] <debug> : handler is: EchoHandler
[2020-06-10 22:15:09 UTC] [0x00007fa7f764b740] <debug> : url is: /static
[2020-06-10 22:15:09 UTC] [0x00007fa7f764b740] <debug> : handler is: StaticHandler
[2020-06-10 22:15:09 UTC] [0x00007fa7f764b740] <debug> : url is: /itwc_static
[2020-06-10 22:15:09 UTC] [0x00007fa7f764b740] <debug> : handler is: StaticHandler
[2020-06-10 22:15:09 UTC] [0x00007fa7f764b740] <debug> : url is: /status
[2020-06-10 22:15:09 UTC] [0x00007fa7f764b740] <debug> : handler is: StatusHandler
[2020-06-10 22:15:09 UTC] [0x00007fa7f764b740] <debug> : url is: /ucla
[2020-06-10 22:15:09 UTC] [0x00007fa7f764b740] <debug> : handler is: ReverseProxyHandler
[2020-06-10 22:15:09 UTC] [0x00007fa7f764b740] <debug> : url is: /columbia
[2020-06-10 22:15:09 UTC] [0x00007fa7f764b740] <debug> : handler is: ReverseProxyHandler
[2020-06-10 22:15:09 UTC] [0x00007fa7f764b740] <debug> : url is: /health
[2020-06-10 22:15:09 UTC] [0x00007fa7f764b740] <debug> : handler is: HealthHandler
[2020-06-10 22:15:09 UTC] [0x00007fa7f764b740] <debug> : url is: /itwc
[2020-06-10 22:15:09 UTC] [0x00007fa7f764b740] <debug> : handler is: ITWCHandler
[2020-06-10 22:15:09 UTC] [0x00007fa7f764b740] <info> : Parsing completed, starting server at port number 8080
[2020-06-10 22:15:09 UTC] [0x00007fa7f764b740] <debug> : Root path: ../data/echo_data
[2020-06-10 22:15:09 UTC] [0x00007fa7f764b740] <debug> : Root path: ../data/static_data
[2020-06-10 22:15:09 UTC] [0x00007fa7f764b740] <debug> : Root path: ../data/ITWC
[2020-06-10 22:15:09 UTC] [0x00007fa7f764b740] <debug> : Root path: 
[2020-06-10 22:15:09 UTC] [0x00007fa7f764b740] <error> : Initialized proxy handler
[2020-06-10 22:15:09 UTC] [0x00007fa7f764b740] <debug> : Root path: 
[2020-06-10 22:15:09 UTC] [0x00007fa7f764b740] <error> : Initialized proxy handler
[2020-06-10 22:15:09 UTC] [0x00007fa7f764b740] <debug> : Root path: 
[2020-06-10 22:15:09 UTC] [0x00007fa7f764b740] <debug> : Root path: 
[2020-06-10 22:15:09 UTC] [0x00007fa7f764b740] <debug> : Root path: ../data/ITWC
[2020-06-10 22:15:09 UTC] [0x00007fa7f764b740] <debug> : Root path: ../data/echo_data
[2020-06-10 22:15:09 UTC] [0x00007fa7f764b740] <info> : Server has been started.
[2020-06-10 22:15:17 UTC] [0x00007fa7f5ce0700] <info> : Start session
[2020-06-10 22:15:17 UTC] [0x00007fa7f5ce0700] <info> : Connection established with a client.
[2020-06-10 22:15:17 UTC] [0x00007fa7f5ce0700] <info> : Start session
[2020-06-10 22:15:17 UTC] [0x00007fa7f5ce0700] <info> : Connection established with a client.
[2020-06-10 22:15:17 UTC] [0x00007fa7f44dd700] <debug> : START /itwc/
[2020-06-10 22:15:17 UTC] [0x00007fa7f44dd700] <debug> : Incremented ITWC number of handler
[2020-06-10 22:15:17 UTC] [0x00007fa7f44dd700] <info> : ITWC handler accessing front.html
[2020-06-10 22:15:17 UTC] [0x00007fa7f44dd700] <info> : Access Successful.
[2020-06-10 22:15:17 UTC] [0x00007fa7f44dd700] <debug> : Added 200 to the code map
[2020-06-10 22:15:17 UTC] [0x00007fa7f44dd700] <debug> : Added /itwc/html/front.html to url map
[2020-06-10 22:15:17 UTC] [0x00007fa7f44dd700] <info> : [Message] Response created successfully [ResponseMetrics] (1)RESPONSE CODE: 200, (2)REQUEST HANDLER: ITWC, (3)IP_ADDRESS: 172.17.0.1
[2020-06-10 22:15:17 UTC] [0x00007fa7f44dd700] <info> : This is a valid request.
[2020-06-10 22:15:17 UTC] [0x00007fa7f44dd700] <info> : Request info: method: GET, uri: /itwc/
[2020-06-10 22:15:17 UTC] [0x00007fa7f44dd700] <info> : Successfully closed connection with a client.
[2020-06-10 22:15:17 UTC] [0x00007fa7f64e1700] <debug> : START /itwc/css/front.css
[2020-06-10 22:15:17 UTC] [0x00007fa7f64e1700] <debug> : Incremented ITWC number of handler
[2020-06-10 22:15:17 UTC] [0x00007fa7f64e1700] <info> : ITWC handler accessing front.html
[2020-06-10 22:15:17 UTC] [0x00007fa7f64e1700] <info> : Access Successful.
[2020-06-10 22:15:17 UTC] [0x00007fa7f64e1700] <debug> : incremented 200 in the code map
[2020-06-10 22:15:17 UTC] [0x00007fa7f64e1700] <debug> : Added /itwc/css/front.css to url map
[2020-06-10 22:15:17 UTC] [0x00007fa7f64e1700] <info> : [Message] Response created successfully [ResponseMetrics] (1)RESPONSE CODE: 200, (2)REQUEST HANDLER: ITWC, (3)IP_ADDRESS: 172.17.0.1
[2020-06-10 22:15:17 UTC] [0x00007fa7f64e1700] <info> : This is a valid request.
[2020-06-10 22:15:17 UTC] [0x00007fa7f64e1700] <info> : Request info: method: GET, uri: /itwc/css/front.css
[2020-06-10 22:15:17 UTC] [0x00007fa7f64e1700] <info> : Successfully closed connection with a client.
[2020-06-10 22:15:17 UTC] [0x00007fa7f54df700] <info> : Start session
[2020-06-10 22:15:17 UTC] [0x00007fa7f54df700] <info> : Connection established with a client.
[2020-06-10 22:15:17 UTC] [0x00007fa7f54df700] <debug> : START /itwc/topics.txt
[2020-06-10 22:15:17 UTC] [0x00007fa7f54df700] <debug> : Incremented ITWC number of handler
[2020-06-10 22:15:17 UTC] [0x00007fa7f54df700] <info> : ITWC handler accessing front.html
[2020-06-10 22:15:17 UTC] [0x00007fa7f54df700] <info> : Access Successful.
[2020-06-10 22:15:17 UTC] [0x00007fa7f54df700] <debug> : incremented 200 in the code map
[2020-06-10 22:15:17 UTC] [0x00007fa7f54df700] <debug> : Added /itwc/topics.txt to url map
[2020-06-10 22:15:17 UTC] [0x00007fa7f54df700] <info> : [Message] Response created successfully [ResponseMetrics] (1)RESPONSE CODE: 200, (2)REQUEST HANDLER: ITWC, (3)IP_ADDRESS: 172.17.0.1
[2020-06-10 22:15:17 UTC] [0x00007fa7f54df700] <info> : This is a valid request.
[2020-06-10 22:15:17 UTC] [0x00007fa7f54df700] <info> : Request info: method: GET, uri: /itwc/topics.txt
[2020-06-10 22:15:17 UTC] [0x00007fa7f54df700] <info> : Successfully closed connection with a client.
[2020-06-10 22:15:22 UTC] [0x00007fa7f3cdc700] <info> : Start session
[2020-06-10 22:15:22 UTC] [0x00007fa7f3cdc700] <info> : Connection established with a client.
[2020-06-10 22:15:22 UTC] [0x00007fa7f3cdc700] <info> : Start session
[2020-06-10 22:15:22 UTC] [0x00007fa7f3cdc700] <info> : Connection established with a client.
[2020-06-10 22:15:22 UTC] [0x00007fa7f34db700] <debug> : START /itwc/html/rank.html
[2020-06-10 22:15:22 UTC] [0x00007fa7f34db700] <debug> : Incremented ITWC number of handler
[2020-06-10 22:15:22 UTC] [0x00007fa7f34db700] <info> : ITWC handler accessing front.html
[2020-06-10 22:15:22 UTC] [0x00007fa7f34db700] <info> : Access Successful.
[2020-06-10 22:15:22 UTC] [0x00007fa7f34db700] <debug> : incremented 200 in the code map
[2020-06-10 22:15:22 UTC] [0x00007fa7f34db700] <debug> : Added /itwc/html/rank.html to url map
[2020-06-10 22:15:22 UTC] [0x00007fa7f34db700] <info> : [Message] Response created successfully [ResponseMetrics] (1)RESPONSE CODE: 200, (2)REQUEST HANDLER: ITWC, (3)IP_ADDRESS: 172.17.0.1
[2020-06-10 22:15:22 UTC] [0x00007fa7f34db700] <info> : This is a valid request.
[2020-06-10 22:15:22 UTC] [0x00007fa7f34db700] <info> : Request info: method: GET, uri: /itwc/html/rank.html
[2020-06-10 22:15:22 UTC] [0x00007fa7f34db700] <info> : Successfully closed connection with a client.
[2020-06-10 22:15:22 UTC] [0x00007fa7f44dd700] <debug> : START /itwc/css/rank.css
[2020-06-10 22:15:22 UTC] [0x00007fa7f44dd700] <debug> : Incremented ITWC number of handler
[2020-06-10 22:15:22 UTC] [0x00007fa7f44dd700] <info> : ITWC handler accessing front.html
[2020-06-10 22:15:22 UTC] [0x00007fa7f44dd700] <info> : Access Successful.
[2020-06-10 22:15:22 UTC] [0x00007fa7f44dd700] <debug> : incremented 200 in the code map
[2020-06-10 22:15:22 UTC] [0x00007fa7f44dd700] <debug> : Added /itwc/css/rank.css to url map
[2020-06-10 22:15:22 UTC] [0x00007fa7f44dd700] <info> : [Message] Response created successfully [ResponseMetrics] (1)RESPONSE CODE: 200, (2)REQUEST HANDLER: ITWC, (3)IP_ADDRESS: 172.17.0.1
[2020-06-10 22:15:22 UTC] [0x00007fa7f44dd700] <info> : This is a valid request.
[2020-06-10 22:15:22 UTC] [0x00007fa7f44dd700] <info> : Request info: method: GET, uri: /itwc/css/rank.css
[2020-06-10 22:15:22 UTC] [0x00007fa7f44dd700] <info> : Successfully closed connection with a client.
[2020-06-10 22:15:22 UTC] [0x00007fa7f4cde700] <info> : Start session
[2020-06-10 22:15:22 UTC] [0x00007fa7f4cde700] <info> : Connection established with a client.
[2020-06-10 22:15:22 UTC] [0x00007fa7f4cde700] <debug> : START /itwc/score_map/Fruit.txt
[2020-06-10 22:15:22 UTC] [0x00007fa7f4cde700] <debug> : Incremented ITWC number of handler
[2020-06-10 22:15:22 UTC] [0x00007fa7f4cde700] <info> : ITWC handler accessing front.html
[2020-06-10 22:15:22 UTC] [0x00007fa7f4cde700] <info> : Access Successful.
[2020-06-10 22:15:22 UTC] [0x00007fa7f4cde700] <debug> : incremented 200 in the code map
[2020-06-10 22:15:22 UTC] [0x00007fa7f4cde700] <debug> : Added /itwc/score_map/Fruit.txt to url map
[2020-06-10 22:15:22 UTC] [0x00007fa7f4cde700] <info> : [Message] Response created successfully [ResponseMetrics] (1)RESPONSE CODE: 200, (2)REQUEST HANDLER: ITWC, (3)IP_ADDRESS: 172.17.0.1
[2020-06-10 22:15:22 UTC] [0x00007fa7f4cde700] <info> : This is a valid request.
[2020-06-10 22:15:22 UTC] [0x00007fa7f4cde700] <info> : Request info: method: GET, uri: /itwc/score_map/Fruit.txt
[2020-06-10 22:15:22 UTC] [0x00007fa7f4cde700] <info> : Successfully closed connection with a client.
[2020-06-10 22:15:22 UTC] [0x00007fa7f5ce0700] <info> : Start session
[2020-06-10 22:15:22 UTC] [0x00007fa7f5ce0700] <info> : Connection established with a client.
[2020-06-10 22:15:22 UTC] [0x00007fa7f34db700] <info> : Start session
[2020-06-10 22:15:22 UTC] [0x00007fa7f34db700] <info> : Connection established with a client.
[2020-06-10 22:15:22 UTC] [0x00007fa7f5ce0700] <debug> : START /itwc/sets/set_temp/18.jpg
[2020-06-10 22:15:22 UTC] [0x00007fa7f5ce0700] <debug> : Incremented ITWC number of handler
[2020-06-10 22:15:22 UTC] [0x00007fa7f5ce0700] <info> : ITWC handler accessing front.html
[2020-06-10 22:15:22 UTC] [0x00007fa7f34db700] <debug> : START /itwc/sets/set_temp/28.jpg
[2020-06-10 22:15:22 UTC] [0x00007fa7f2cda700] <info> : Start session
[2020-06-10 22:15:22 UTC] [0x00007fa7f2cda700] <info> : Connection established with a client.
[2020-06-10 22:15:22 UTC] [0x00007fa7f34db700] <debug> : Incremented ITWC number of handler
[2020-06-10 22:15:22 UTC] [0x00007fa7f5ce0700] <info> : Access Successful.
[2020-06-10 22:15:22 UTC] [0x00007fa7f5ce0700] <debug> : incremented 200 in the code map
[2020-06-10 22:15:22 UTC] [0x00007fa7f5ce0700] <debug> : Added /itwc/sets/set_temp/18.jpg to url map
[2020-06-10 22:15:22 UTC] [0x00007fa7f5ce0700] <info> : [Message] Response created successfully [ResponseMetrics] (1)RESPONSE CODE: 200, (2)REQUEST HANDLER: ITWC, (3)IP_ADDRESS: 172.17.0.1
[2020-06-10 22:15:22 UTC] [0x00007fa7f2cda700] <info> : Start session
[2020-06-10 22:15:22 UTC] [0x00007fa7f2cda700] <info> : Connection established with a client.
[2020-06-10 22:15:22 UTC] [0x00007fa7f34db700] <info> : ITWC handler accessing front.html
[2020-06-10 22:15:22 UTC] [0x00007fa7f5ce0700] <info> : This is a valid request.
[2020-06-10 22:15:22 UTC] [0x00007fa7f5ce0700] <info> : Request info: method: GET, uri: /itwc/sets/set_temp/18.jpg
[2020-06-10 22:15:22 UTC] [0x00007fa7f5ce0700] <info> : Successfully closed connection with a client.
[2020-06-10 22:15:22 UTC] [0x00007fa7f4cde700] <debug> : START /itwc/sets/set_temp/2.jpg
[2020-06-10 22:15:22 UTC] [0x00007fa7f34db700] <info> : Access Successful.
[2020-06-10 22:15:22 UTC] [0x00007fa7f44dd700] <debug> : START /itwc/sets/set_temp/21.jpg
[2020-06-10 22:15:22 UTC] [0x00007fa7f2cda700] <info> : Start session
[2020-06-10 22:15:22 UTC] [0x00007fa7f2cda700] <info> : Connection established with a client.
[2020-06-10 22:15:22 UTC] [0x00007fa7f4cde700] <debug> : Incremented ITWC number of handler
[2020-06-10 22:15:22 UTC] [0x00007fa7f54df700] <debug> : START /itwc/sets/set_temp/1.jpg
[2020-06-10 22:15:22 UTC] [0x00007fa7f4cde700] <info> : ITWC handler accessing front.html
[2020-06-10 22:15:22 UTC] [0x00007fa7f34db700] <debug> : incremented 200 in the code map
[2020-06-10 22:15:22 UTC] [0x00007fa7f34db700] <debug> : Added /itwc/sets/set_temp/28.jpg to url map
[2020-06-10 22:15:22 UTC] [0x00007fa7f34db700] <info> : [Message] Response created successfully [ResponseMetrics] (1)RESPONSE CODE: 200, (2)REQUEST HANDLER: ITWC, (3)IP_ADDRESS: 172.17.0.1
[2020-06-10 22:15:22 UTC] [0x00007fa7f4cde700] <info> : Access Successful.
[2020-06-10 22:15:22 UTC] [0x00007fa7f54df700] <debug> : Incremented ITWC number of handler
[2020-06-10 22:15:22 UTC] [0x00007fa7f54df700] <info> : ITWC handler accessing front.html
[2020-06-10 22:15:22 UTC] [0x00007fa7f44dd700] <debug> : Incremented ITWC number of handler
[2020-06-10 22:15:22 UTC] [0x00007fa7f44dd700] <info> : ITWC handler accessing front.html
[2020-06-10 22:15:22 UTC] [0x00007fa7f54df700] <info> : Access Successful.
[2020-06-10 22:15:22 UTC] [0x00007fa7f44dd700] <info> : Access Successful.
[2020-06-10 22:15:22 UTC] [0x00007fa7f4cde700] <debug> : incremented 200 in the code map
[2020-06-10 22:15:22 UTC] [0x00007fa7f4cde700] <debug> : Added /itwc/sets/set_temp/2.jpg to url map
[2020-06-10 22:15:22 UTC] [0x00007fa7f4cde700] <info> : [Message] Response created successfully [ResponseMetrics] (1)RESPONSE CODE: 200, (2)REQUEST HANDLER: ITWC, (3)IP_ADDRESS: 172.17.0.1
[2020-06-10 22:15:22 UTC] [0x00007fa7f34db700] <info> : This is a valid request.
[2020-06-10 22:15:22 UTC] [0x00007fa7f34db700] <info> : Request info: method: GET, uri: /itwc/sets/set_temp/28.jpg
[2020-06-10 22:15:22 UTC] [0x00007fa7f4cde700] <info> : This is a valid request.
[2020-06-10 22:15:22 UTC] [0x00007fa7f4cde700] <info> : Request info: method: GET, uri: /itwc/sets/set_temp/2.jpg
[2020-06-10 22:15:22 UTC] [0x00007fa7f34db700] <info> : Successfully closed connection with a client.
[2020-06-10 22:15:22 UTC] [0x00007fa7f44dd700] <debug> : incremented 200 in the code map
[2020-06-10 22:15:22 UTC] [0x00007fa7f44dd700] <debug> : Added /itwc/sets/set_temp/21.jpg to url map
[2020-06-10 22:15:22 UTC] [0x00007fa7f44dd700] <info> : [Message] Response created successfully [ResponseMetrics] (1)RESPONSE CODE: 200, (2)REQUEST HANDLER: ITWC, (3)IP_ADDRESS: 172.17.0.1
[2020-06-10 22:15:22 UTC] [0x00007fa7f54df700] <debug> : incremented 200 in the code map
[2020-06-10 22:15:22 UTC] [0x00007fa7f4cde700] <info> : Successfully closed connection with a client.
[2020-06-10 22:15:22 UTC] [0x00007fa7f44dd700] <info> : This is a valid request.
[2020-06-10 22:15:22 UTC] [0x00007fa7f44dd700] <info> : Request info: method: GET, uri: /itwc/sets/set_temp/21.jpg
[2020-06-10 22:15:22 UTC] [0x00007fa7f54df700] <debug> : Added /itwc/sets/set_temp/1.jpg to url map
[2020-06-10 22:15:22 UTC] [0x00007fa7f54df700] <info> : [Message] Response created successfully [ResponseMetrics] (1)RESPONSE CODE: 200, (2)REQUEST HANDLER: ITWC, (3)IP_ADDRESS: 172.17.0.1
[2020-06-10 22:15:22 UTC] [0x00007fa7f44dd700] <info> : Successfully closed connection with a client.
[2020-06-10 22:15:22 UTC] [0x00007fa7f54df700] <info> : This is a valid request.
[2020-06-10 22:15:22 UTC] [0x00007fa7f54df700] <info> : Request info: method: GET, uri: /itwc/sets/set_temp/1.jpg
[2020-06-10 22:15:22 UTC] [0x00007fa7f54df700] <info> : Successfully closed connection with a client.
[2020-06-10 22:15:25 UTC] [0x00007fa7f3cdc700] <info> : Start session
[2020-06-10 22:15:25 UTC] [0x00007fa7f3cdc700] <info> : Connection established with a client.
[2020-06-10 22:15:25 UTC] [0x00007fa7f2cda700] <info> : Start session
[2020-06-10 22:15:25 UTC] [0x00007fa7f2cda700] <info> : Connection established with a client.
[2020-06-10 22:15:25 UTC] [0x00007fa7f3cdc700] <debug> : START /itwc/html/rank.html
[2020-06-10 22:15:25 UTC] [0x00007fa7f3cdc700] <debug> : Incremented ITWC number of handler
[2020-06-10 22:15:25 UTC] [0x00007fa7f3cdc700] <info> : ITWC handler accessing front.html
[2020-06-10 22:15:25 UTC] [0x00007fa7f3cdc700] <info> : Access Successful.
[2020-06-10 22:15:25 UTC] [0x00007fa7f3cdc700] <debug> : incremented 200 in the code map
[2020-06-10 22:15:25 UTC] [0x00007fa7f3cdc700] <debug> : incremented /itwc/html/rank.html in the url map
[2020-06-10 22:15:25 UTC] [0x00007fa7f3cdc700] <info> : [Message] Response created successfully [ResponseMetrics] (1)RESPONSE CODE: 200, (2)REQUEST HANDLER: ITWC, (3)IP_ADDRESS: 172.17.0.1
[2020-06-10 22:15:25 UTC] [0x00007fa7f3cdc700] <info> : This is a valid request.
[2020-06-10 22:15:25 UTC] [0x00007fa7f3cdc700] <info> : Request info: method: GET, uri: /itwc/html/rank.html
[2020-06-10 22:15:25 UTC] [0x00007fa7f3cdc700] <info> : Successfully closed connection with a client.
[2020-06-10 22:15:25 UTC] [0x00007fa7f34db700] <debug> : START /itwc/css/rank.css
[2020-06-10 22:15:25 UTC] [0x00007fa7f34db700] <debug> : Incremented ITWC number of handler
[2020-06-10 22:15:25 UTC] [0x00007fa7f34db700] <info> : ITWC handler accessing front.html
[2020-06-10 22:15:25 UTC] [0x00007fa7f34db700] <info> : Access Successful.
[2020-06-10 22:15:25 UTC] [0x00007fa7f34db700] <debug> : incremented 200 in the code map
[2020-06-10 22:15:25 UTC] [0x00007fa7f34db700] <debug> : incremented /itwc/css/rank.css in the url map
[2020-06-10 22:15:25 UTC] [0x00007fa7f34db700] <info> : [Message] Response created successfully [ResponseMetrics] (1)RESPONSE CODE: 200, (2)REQUEST HANDLER: ITWC, (3)IP_ADDRESS: 172.17.0.1
[2020-06-10 22:15:25 UTC] [0x00007fa7f34db700] <info> : This is a valid request.
[2020-06-10 22:15:25 UTC] [0x00007fa7f34db700] <info> : Request info: method: GET, uri: /itwc/css/rank.css
[2020-06-10 22:15:25 UTC] [0x00007fa7f34db700] <info> : Successfully closed connection with a client.
[2020-06-10 22:15:25 UTC] [0x00007fa7f4cde700] <info> : Start session
[2020-06-10 22:15:25 UTC] [0x00007fa7f4cde700] <info> : Connection established with a client.
[2020-06-10 22:15:25 UTC] [0x00007fa7f4cde700] <debug> : START /itwc/score_map/Fruit.txt
[2020-06-10 22:15:25 UTC] [0x00007fa7f4cde700] <debug> : Incremented ITWC number of handler
[2020-06-10 22:15:25 UTC] [0x00007fa7f4cde700] <info> : ITWC handler accessing front.html
[2020-06-10 22:15:25 UTC] [0x00007fa7f4cde700] <info> : Access Successful.
[2020-06-10 22:15:25 UTC] [0x00007fa7f4cde700] <debug> : incremented 200 in the code map
[2020-06-10 22:15:25 UTC] [0x00007fa7f4cde700] <debug> : incremented /itwc/score_map/Fruit.txt in the url map
[2020-06-10 22:15:25 UTC] [0x00007fa7f4cde700] <info> : [Message] Response created successfully [ResponseMetrics] (1)RESPONSE CODE: 200, (2)REQUEST HANDLER: ITWC, (3)IP_ADDRESS: 172.17.0.1
[2020-06-10 22:15:25 UTC] [0x00007fa7f4cde700] <info> : This is a valid request.
[2020-06-10 22:15:25 UTC] [0x00007fa7f4cde700] <info> : Request info: method: GET, uri: /itwc/score_map/Fruit.txt
[2020-06-10 22:15:25 UTC] [0x00007fa7f4cde700] <info> : Successfully closed connection with a client.
[2020-06-10 22:15:25 UTC] [0x00007fa7f64e1700] <info> : Start session
[2020-06-10 22:15:25 UTC] [0x00007fa7f64e1700] <info> : Connection established with a client.
[2020-06-10 22:15:25 UTC] [0x00007fa7f54df700] <debug> : START /itwc/sets/set_temp/21.jpg
[2020-06-10 22:15:25 UTC] [0x00007fa7f54df700] <debug> : Incremented ITWC number of handler
[2020-06-10 22:15:25 UTC] [0x00007fa7f54df700] <info> : ITWC handler accessing front.html
[2020-06-10 22:15:25 UTC] [0x00007fa7f64e1700] <info> : Start session
[2020-06-10 22:15:25 UTC] [0x00007fa7f54df700] <info> : Access Successful.
[2020-06-10 22:15:25 UTC] [0x00007fa7f64e1700] <info> : Connection established with a client.
[2020-06-10 22:15:25 UTC] [0x00007fa7f54df700] <debug> : incremented 200 in the code map
[2020-06-10 22:15:25 UTC] [0x00007fa7f54df700] <debug> : incremented /itwc/sets/set_temp/21.jpg in the url map
[2020-06-10 22:15:25 UTC] [0x00007fa7f54df700] <info> : [Message] Response created successfully [ResponseMetrics] (1)RESPONSE CODE: 200, (2)REQUEST HANDLER: ITWC, (3)IP_ADDRESS: 172.17.0.1
[2020-06-10 22:15:25 UTC] [0x00007fa7f64e1700] <info> : Start session
[2020-06-10 22:15:25 UTC] [0x00007fa7f64e1700] <info> : Connection established with a client.
[2020-06-10 22:15:25 UTC] [0x00007fa7f54df700] <info> : This is a valid request.
[2020-06-10 22:15:25 UTC] [0x00007fa7f54df700] <info> : Request info: method: GET, uri: /itwc/sets/set_temp/21.jpg
[2020-06-10 22:15:25 UTC] [0x00007fa7f3cdc700] <info> : Start session
[2020-06-10 22:15:25 UTC] [0x00007fa7f3cdc700] <info> : Connection established with a client.
[2020-06-10 22:15:25 UTC] [0x00007fa7f44dd700] <debug> : START /itwc/sets/set_temp/28.jpg
[2020-06-10 22:15:25 UTC] [0x00007fa7f54df700] <info> : Successfully closed connection with a client.
[2020-06-10 22:15:25 UTC] [0x00007fa7f4cde700] <debug> : START /itwc/sets/set_temp/1.jpg
[2020-06-10 22:15:25 UTC] [0x00007fa7f3cdc700] <debug> : START /itwc/sets/set_temp/2.jpg
[2020-06-10 22:15:25 UTC] [0x00007fa7f5ce0700] <info> : Start session
[2020-06-10 22:15:25 UTC] [0x00007fa7f5ce0700] <info> : Connection established with a client.
[2020-06-10 22:15:25 UTC] [0x00007fa7f5ce0700] <debug> : START /itwc/sets/set_temp/18.jpg
[2020-06-10 22:15:25 UTC] [0x00007fa7f44dd700] <debug> : Incremented ITWC number of handler
[2020-06-10 22:15:25 UTC] [0x00007fa7f44dd700] <info> : ITWC handler accessing front.html
[2020-06-10 22:15:25 UTC] [0x00007fa7f4cde700] <debug> : Incremented ITWC number of handler
[2020-06-10 22:15:25 UTC] [0x00007fa7f4cde700] <info> : ITWC handler accessing front.html
[2020-06-10 22:15:25 UTC] [0x00007fa7f3cdc700] <debug> : Incremented ITWC number of handler
[2020-06-10 22:15:25 UTC] [0x00007fa7f4cde700] <info> : Access Successful.
[2020-06-10 22:15:25 UTC] [0x00007fa7f3cdc700] <info> : ITWC handler accessing front.html
[2020-06-10 22:15:25 UTC] [0x00007fa7f5ce0700] <debug> : Incremented ITWC number of handler
[2020-06-10 22:15:25 UTC] [0x00007fa7f4cde700] <debug> : incremented 200 in the code map
[2020-06-10 22:15:25 UTC] [0x00007fa7f4cde700] <debug> : incremented /itwc/sets/set_temp/1.jpg in the url map
[2020-06-10 22:15:25 UTC] [0x00007fa7f4cde700] <info> : [Message] Response created successfully [ResponseMetrics] (1)RESPONSE CODE: 200, (2)REQUEST HANDLER: ITWC, (3)IP_ADDRESS: 172.17.0.1
[2020-06-10 22:15:25 UTC] [0x00007fa7f44dd700] <info> : Access Successful.
[2020-06-10 22:15:25 UTC] [0x00007fa7f5ce0700] <info> : ITWC handler accessing front.html
[2020-06-10 22:15:25 UTC] [0x00007fa7f3cdc700] <info> : Access Successful.
[2020-06-10 22:15:25 UTC] [0x00007fa7f4cde700] <info> : This is a valid request.
[2020-06-10 22:15:25 UTC] [0x00007fa7f4cde700] <info> : Request info: method: GET, uri: /itwc/sets/set_temp/1.jpg
[2020-06-10 22:15:25 UTC] [0x00007fa7f5ce0700] <info> : Access Successful.
[2020-06-10 22:15:25 UTC] [0x00007fa7f44dd700] <debug> : incremented 200 in the code map
[2020-06-10 22:15:25 UTC] [0x00007fa7f44dd700] <debug> : incremented /itwc/sets/set_temp/28.jpg in the url map
[2020-06-10 22:15:25 UTC] [0x00007fa7f5ce0700] <debug> : incremented 200 in the code map
[2020-06-10 22:15:25 UTC] [0x00007fa7f5ce0700] <debug> : incremented /itwc/sets/set_temp/18.jpg in the url map
[2020-06-10 22:15:25 UTC] [0x00007fa7f5ce0700] <info> : [Message] Response created successfully [ResponseMetrics] (1)RESPONSE CODE: 200, (2)REQUEST HANDLER: ITWC, (3)IP_ADDRESS: 172.17.0.1
[2020-06-10 22:15:25 UTC] [0x00007fa7f4cde700] <info> : Successfully closed connection with a client.
[2020-06-10 22:15:25 UTC] [0x00007fa7f3cdc700] <debug> : incremented 200 in the code map
[2020-06-10 22:15:25 UTC] [0x00007fa7f3cdc700] <debug> : incremented /itwc/sets/set_temp/2.jpg in the url map
[2020-06-10 22:15:25 UTC] [0x00007fa7f3cdc700] <info> : [Message] Response created successfully [ResponseMetrics] (1)RESPONSE CODE: 200, (2)REQUEST HANDLER: ITWC, (3)IP_ADDRESS: 172.17.0.1
[2020-06-10 22:15:25 UTC] [0x00007fa7f44dd700] <info> : [Message] Response created successfully [ResponseMetrics] (1)RESPONSE CODE: 200, (2)REQUEST HANDLER: ITWC, (3)IP_ADDRESS: 172.17.0.1
[2020-06-10 22:15:25 UTC] [0x00007fa7f5ce0700] <info> : This is a valid request.
[2020-06-10 22:15:25 UTC] [0x00007fa7f5ce0700] <info> : Request info: method: GET, uri: /itwc/sets/set_temp/18.jpg
[2020-06-10 22:15:25 UTC] [0x00007fa7f44dd700] <info> : This is a valid request.
[2020-06-10 22:15:25 UTC] [0x00007fa7f44dd700] <info> : Request info: method: GET, uri: /itwc/sets/set_temp/28.jpg
[2020-06-10 22:15:25 UTC] [0x00007fa7f54df700] <info> : Successfully closed connection with a client.
[2020-06-10 22:15:25 UTC] [0x00007fa7f3cdc700] <info> : This is a valid request.
[2020-06-10 22:15:25 UTC] [0x00007fa7f3cdc700] <info> : Request info: method: GET, uri: /itwc/sets/set_temp/2.jpg
[2020-06-10 22:15:25 UTC] [0x00007fa7f3cdc700] <info> : Successfully closed connection with a client.
[2020-06-10 22:15:25 UTC] [0x00007fa7f44dd700] <info> : Successfully closed connection with a client.
[2020-06-10 22:15:26 UTC] [0x00007fa7f64e1700] <info> : Start session
[2020-06-10 22:15:26 UTC] [0x00007fa7f64e1700] <info> : Connection established with a client.
[2020-06-10 22:15:26 UTC] [0x00007fa7f5ce0700] <info> : Start session
[2020-06-10 22:15:26 UTC] [0x00007fa7f5ce0700] <info> : Connection established with a client.
[2020-06-10 22:15:37 UTC] [0x00007fa7f2cda700] <info> : Successfully closed connection with a client.
[2020-06-10 22:15:37 UTC] [0x00007fa7f4cde700] <info> : Successfully closed connection with a client.
