[2020-06-10 00:49:02 UTC] [0x00007fe05543d700] <info> : Start session
[2020-06-10 00:49:02 UTC] [0x00007fe05543d700] <info> : Connection established with a client.
[2020-06-10 00:49:02 UTC] [0x00007fe05543d700] <info> : Start session
[2020-06-10 00:49:02 UTC] [0x00007fe05543d700] <info> : Connection established with a client.
[2020-06-10 00:49:02 UTC] [0x00007fe05543d700] <debug> : START /itwc/html/main.html
[2020-06-10 00:49:02 UTC] [0x00007fe05543d700] <debug> : Incremented ITWC number of handler
[2020-06-10 00:49:02 UTC] [0x00007fe05543d700] <info> : ITWC handler accessing front.html
[2020-06-10 00:49:02 UTC] [0x00007fe05543d700] <info> : Access Successful.
[2020-06-10 00:49:02 UTC] [0x00007fe05543d700] <debug> : incremented 200 in the code map
[2020-06-10 00:49:02 UTC] [0x00007fe05543d700] <debug> : incremented /itwc/html/main.html in the url map
[2020-06-10 00:49:02 UTC] [0x00007fe05543d700] <info> : [Message] Response created successfully [ResponseMetrics] (1)RESPONSE CODE: 200, (2)REQUEST HANDLER: ITWC, (3)IP_ADDRESS: 172.17.0.1
[2020-06-10 00:49:02 UTC] [0x00007fe05543d700] <info> : This is a valid request.
[2020-06-10 00:49:02 UTC] [0x00007fe05543d700] <info> : Request info: method: GET, uri: /itwc/html/main.html
[2020-06-10 00:49:02 UTC] [0x00007fe05543d700] <info> : Successfully closed connection with a client.
[2020-06-10 00:49:02 UTC] [0x00007fe054c3c700] <debug> : START /itwc/css/main.css
[2020-06-10 00:49:02 UTC] [0x00007fe054c3c700] <debug> : Incremented ITWC number of handler
[2020-06-10 00:49:02 UTC] [0x00007fe054c3c700] <info> : ITWC handler accessing front.html
[2020-06-10 00:49:02 UTC] [0x00007fe054c3c700] <info> : Access Successful.
[2020-06-10 00:49:02 UTC] [0x00007fe054c3c700] <debug> : incremented 200 in the code map
[2020-06-10 00:49:02 UTC] [0x00007fe054c3c700] <debug> : incremented /itwc/css/main.css in the url map
[2020-06-10 00:49:02 UTC] [0x00007fe054c3c700] <info> : [Message] Response created successfully [ResponseMetrics] (1)RESPONSE CODE: 200, (2)REQUEST HANDLER: ITWC, (3)IP_ADDRESS: 172.17.0.1
[2020-06-10 00:49:02 UTC] [0x00007fe054c3c700] <info> : This is a valid request.
[2020-06-10 00:49:02 UTC] [0x00007fe054c3c700] <info> : Request info: method: GET, uri: /itwc/css/main.css
[2020-06-10 00:49:02 UTC] [0x00007fe054c3c700] <info> : Successfully closed connection with a client.
[2020-06-10 00:49:02 UTC] [0x00007fe05643f700] <info> : Start session
[2020-06-10 00:49:02 UTC] [0x00007fe05643f700] <info> : Connection established with a client.
[2020-06-10 00:49:02 UTC] [0x00007fe05643f700] <debug> : START /itwc/image_list/UCLABuilding.txt
[2020-06-10 00:49:02 UTC] [0x00007fe05643f700] <debug> : Incremented ITWC number of handler
[2020-06-10 00:49:02 UTC] [0x00007fe05643f700] <info> : ITWC handler accessing front.html
[2020-06-10 00:49:02 UTC] [0x00007fe05643f700] <info> : Access Successful.
[2020-06-10 00:49:02 UTC] [0x00007fe05643f700] <debug> : incremented 200 in the code map
[2020-06-10 00:49:02 UTC] [0x00007fe05643f700] <debug> : incremented /itwc/image_list/UCLABuilding.txt in the url map
[2020-06-10 00:49:02 UTC] [0x00007fe05643f700] <info> : [Message] Response created successfully [ResponseMetrics] (1)RESPONSE CODE: 200, (2)REQUEST HANDLER: ITWC, (3)IP_ADDRESS: 172.17.0.1
[2020-06-10 00:49:02 UTC] [0x00007fe05643f700] <info> : This is a valid request.
[2020-06-10 00:49:02 UTC] [0x00007fe05643f700] <info> : Request info: method: GET, uri: /itwc/image_list/UCLABuilding.txt
[2020-06-10 00:49:02 UTC] [0x00007fe05643f700] <info> : Successfully closed connection with a client.
[2020-06-10 00:49:02 UTC] [0x00007fe055c3e700] <info> : Start session
[2020-06-10 00:49:02 UTC] [0x00007fe055c3e700] <info> : Connection established with a client.
[2020-06-10 00:49:02 UTC] [0x00007fe054c3c700] <info> : Start session
[2020-06-10 00:49:02 UTC] [0x00007fe054c3c700] <info> : Connection established with a client.
[2020-06-10 00:49:02 UTC] [0x00007fe055c3e700] <debug> : START /itwc/sets/UCLABuildings/1.jpg
[2020-06-10 00:49:02 UTC] [0x00007fe055c3e700] <debug> : Incremented ITWC number of handler
[2020-06-10 00:49:02 UTC] [0x00007fe054c3c700] <debug> : START /itwc/sets/UCLABuildings/2.jpg
[2020-06-10 00:49:02 UTC] [0x00007fe055c3e700] <info> : ITWC handler accessing front.html
[2020-06-10 00:49:02 UTC] [0x00007fe054c3c700] <debug> : Incremented ITWC number of handler
[2020-06-10 00:49:02 UTC] [0x00007fe054c3c700] <info> : ITWC handler accessing front.html
[2020-06-10 00:49:02 UTC] [0x00007fe054c3c700] <info> : Access Successful.
[2020-06-10 00:49:02 UTC] [0x00007fe055c3e700] <info> : Access Successful.
[2020-06-10 00:49:02 UTC] [0x00007fe055c3e700] <debug> : incremented 200 in the code map
[2020-06-10 00:49:02 UTC] [0x00007fe055c3e700] <debug> : incremented /itwc/sets/UCLABuildings/1.jpg in the url map
[2020-06-10 00:49:02 UTC] [0x00007fe055c3e700] <info> : [Message] Response created successfully [ResponseMetrics] (1)RESPONSE CODE: 200, (2)REQUEST HANDLER: ITWC, (3)IP_ADDRESS: 172.17.0.1
[2020-06-10 00:49:02 UTC] [0x00007fe054c3c700] <debug> : incremented 200 in the code map
[2020-06-10 00:49:02 UTC] [0x00007fe054c3c700] <debug> : incremented /itwc/sets/UCLABuildings/2.jpg in the url map
[2020-06-10 00:49:02 UTC] [0x00007fe054c3c700] <info> : [Message] Response created successfully [ResponseMetrics] (1)RESPONSE CODE: 200, (2)REQUEST HANDLER: ITWC, (3)IP_ADDRESS: 172.17.0.1
[2020-06-10 00:49:02 UTC] [0x00007fe055c3e700] <info> : This is a valid request.
[2020-06-10 00:49:02 UTC] [0x00007fe055c3e700] <info> : Request info: method: GET, uri: /itwc/sets/UCLABuildings/1.jpg
[2020-06-10 00:49:02 UTC] [0x00007fe054c3c700] <info> : This is a valid request.
[2020-06-10 00:49:02 UTC] [0x00007fe054c3c700] <info> : Request info: method: GET, uri: /itwc/sets/UCLABuildings/2.jpg
[2020-06-10 00:49:02 UTC] [0x00007fe055c3e700] <info> : Successfully closed connection with a client.
[2020-06-10 00:49:02 UTC] [0x00007fe056c40700] <info> : Successfully closed connection with a client.
[2020-06-10 00:49:03 UTC] [0x00007fe05543d700] <info> : Start session
[2020-06-10 00:49:03 UTC] [0x00007fe05543d700] <info> : Connection established with a client.
[2020-06-10 00:49:03 UTC] [0x00007fe05443b700] <info> : Start session
[2020-06-10 00:49:03 UTC] [0x00007fe05443b700] <info> : Connection established with a client.
[2020-06-10 00:49:03 UTC] [0x00007fe05543d700] <debug> : START /itwc/sets/UCLABuildings/3.jpg
[2020-06-10 00:49:03 UTC] [0x00007fe05543d700] <debug> : Incremented ITWC number of handler
[2020-06-10 00:49:03 UTC] [0x00007fe05543d700] <info> : ITWC handler accessing front.html
[2020-06-10 00:49:03 UTC] [0x00007fe057c42700] <debug> : START /itwc/sets/UCLABuildings/4.jpg
[2020-06-10 00:49:03 UTC] [0x00007fe057c42700] <debug> : Incremented ITWC number of handler
[2020-06-10 00:49:03 UTC] [0x00007fe057c42700] <info> : ITWC handler accessing front.html
[2020-06-10 00:49:03 UTC] [0x00007fe05543d700] <info> : Access Successful.
[2020-06-10 00:49:03 UTC] [0x00007fe05543d700] <debug> : incremented 200 in the code map
[2020-06-10 00:49:03 UTC] [0x00007fe05543d700] <debug> : incremented /itwc/sets/UCLABuildings/3.jpg in the url map
[2020-06-10 00:49:03 UTC] [0x00007fe05543d700] <info> : [Message] Response created successfully [ResponseMetrics] (1)RESPONSE CODE: 200, (2)REQUEST HANDLER: ITWC, (3)IP_ADDRESS: 172.17.0.1
[2020-06-10 00:49:03 UTC] [0x00007fe057c42700] <info> : Access Successful.
[2020-06-10 00:49:03 UTC] [0x00007fe05543d700] <info> : This is a valid request.
[2020-06-10 00:49:03 UTC] [0x00007fe05543d700] <info> : Request info: method: GET, uri: /itwc/sets/UCLABuildings/3.jpg
[2020-06-10 00:49:03 UTC] [0x00007fe057c42700] <debug> : incremented 200 in the code map
[2020-06-10 00:49:03 UTC] [0x00007fe057c42700] <debug> : incremented /itwc/sets/UCLABuildings/4.jpg in the url map
[2020-06-10 00:49:03 UTC] [0x00007fe05543d700] <info> : Successfully closed connection with a client.
[2020-06-10 00:49:03 UTC] [0x00007fe057c42700] <info> : [Message] Response created successfully [ResponseMetrics] (1)RESPONSE CODE: 200, (2)REQUEST HANDLER: ITWC, (3)IP_ADDRESS: 172.17.0.1
[2020-06-10 00:49:03 UTC] [0x00007fe057c42700] <info> : This is a valid request.
[2020-06-10 00:49:03 UTC] [0x00007fe057c42700] <info> : Request info: method: GET, uri: /itwc/sets/UCLABuildings/4.jpg
[2020-06-10 00:49:03 UTC] [0x00007fe057c42700] <info> : Successfully closed connection with a client.
[2020-06-10 00:49:04 UTC] [0x00007fe057441700] <info> : Start session
[2020-06-10 00:49:04 UTC] [0x00007fe057441700] <info> : Connection established with a client.
[2020-06-10 00:49:04 UTC] [0x00007fe057441700] <debug> : START /itwc/sets/UCLABuildings/5.jpg
[2020-06-10 00:49:04 UTC] [0x00007fe057441700] <debug> : Incremented ITWC number of handler
[2020-06-10 00:49:04 UTC] [0x00007fe054c3c700] <info> : Start session
[2020-06-10 00:49:04 UTC] [0x00007fe054c3c700] <info> : Connection established with a client.
[2020-06-10 00:49:04 UTC] [0x00007fe057441700] <info> : ITWC handler accessing front.html
[2020-06-10 00:49:04 UTC] [0x00007fe054c3c700] <debug> : START /itwc/sets/UCLABuildings/6.jpg
[2020-06-10 00:49:04 UTC] [0x00007fe054c3c700] <debug> : Incremented ITWC number of handler
[2020-06-10 00:49:04 UTC] [0x00007fe057441700] <info> : Access Successful.
[2020-06-10 00:49:04 UTC] [0x00007fe054c3c700] <info> : ITWC handler accessing front.html
[2020-06-10 00:49:04 UTC] [0x00007fe057441700] <debug> : incremented 200 in the code map
[2020-06-10 00:49:04 UTC] [0x00007fe057441700] <debug> : incremented /itwc/sets/UCLABuildings/5.jpg in the url map
[2020-06-10 00:49:04 UTC] [0x00007fe057441700] <info> : [Message] Response created successfully [ResponseMetrics] (1)RESPONSE CODE: 200, (2)REQUEST HANDLER: ITWC, (3)IP_ADDRESS: 172.17.0.1
[2020-06-10 00:49:04 UTC] [0x00007fe054c3c700] <info> : Access Successful.
[2020-06-10 00:49:04 UTC] [0x00007fe057441700] <info> : This is a valid request.
[2020-06-10 00:49:04 UTC] [0x00007fe057441700] <info> : Request info: method: GET, uri: /itwc/sets/UCLABuildings/5.jpg
[2020-06-10 00:49:04 UTC] [0x00007fe057441700] <info> : Successfully closed connection with a client.
[2020-06-10 00:49:04 UTC] [0x00007fe054c3c700] <debug> : incremented 200 in the code map
[2020-06-10 00:49:04 UTC] [0x00007fe054c3c700] <debug> : incremented /itwc/sets/UCLABuildings/6.jpg in the url map
[2020-06-10 00:49:04 UTC] [0x00007fe054c3c700] <info> : [Message] Response created successfully [ResponseMetrics] (1)RESPONSE CODE: 200, (2)REQUEST HANDLER: ITWC, (3)IP_ADDRESS: 172.17.0.1
[2020-06-10 00:49:04 UTC] [0x00007fe054c3c700] <info> : This is a valid request.
[2020-06-10 00:49:04 UTC] [0x00007fe054c3c700] <info> : Request info: method: GET, uri: /itwc/sets/UCLABuildings/6.jpg
[2020-06-10 00:49:04 UTC] [0x00007fe05543d700] <info> : Successfully closed connection with a client.
[2020-06-10 00:49:04 UTC] [0x00007fe056c40700] <info> : Start session
[2020-06-10 00:49:04 UTC] [0x00007fe056c40700] <info> : Connection established with a client.
[2020-06-10 00:49:04 UTC] [0x00007fe056c40700] <debug> : START /itwc/sets/UCLABuildings/7.jpg
[2020-06-10 00:49:04 UTC] [0x00007fe057c42700] <info> : Start session
[2020-06-10 00:49:04 UTC] [0x00007fe057c42700] <info> : Connection established with a client.
[2020-06-10 00:49:04 UTC] [0x00007fe057c42700] <debug> : START /itwc/sets/UCLABuildings/8.jpg
[2020-06-10 00:49:04 UTC] [0x00007fe056c40700] <debug> : Incremented ITWC number of handler
[2020-06-10 00:49:04 UTC] [0x00007fe057c42700] <debug> : Incremented ITWC number of handler
[2020-06-10 00:49:04 UTC] [0x00007fe056c40700] <info> : ITWC handler accessing front.html
[2020-06-10 00:49:04 UTC] [0x00007fe057c42700] <info> : ITWC handler accessing front.html
[2020-06-10 00:49:04 UTC] [0x00007fe056c40700] <info> : Access Successful.
[2020-06-10 00:49:04 UTC] [0x00007fe057c42700] <info> : Access Successful.
[2020-06-10 00:49:04 UTC] [0x00007fe056c40700] <debug> : incremented 200 in the code map
[2020-06-10 00:49:04 UTC] [0x00007fe056c40700] <debug> : incremented /itwc/sets/UCLABuildings/7.jpg in the url map
[2020-06-10 00:49:04 UTC] [0x00007fe056c40700] <info> : [Message] Response created successfully [ResponseMetrics] (1)RESPONSE CODE: 200, (2)REQUEST HANDLER: ITWC, (3)IP_ADDRESS: 172.17.0.1
[2020-06-10 00:49:04 UTC] [0x00007fe057c42700] <debug> : incremented 200 in the code map
[2020-06-10 00:49:04 UTC] [0x00007fe057c42700] <debug> : incremented /itwc/sets/UCLABuildings/8.jpg in the url map
[2020-06-10 00:49:04 UTC] [0x00007fe057c42700] <info> : [Message] Response created successfully [ResponseMetrics] (1)RESPONSE CODE: 200, (2)REQUEST HANDLER: ITWC, (3)IP_ADDRESS: 172.17.0.1
[2020-06-10 00:49:04 UTC] [0x00007fe056c40700] <info> : This is a valid request.
[2020-06-10 00:49:04 UTC] [0x00007fe056c40700] <info> : Request info: method: GET, uri: /itwc/sets/UCLABuildings/7.jpg
[2020-06-10 00:49:04 UTC] [0x00007fe057c42700] <info> : This is a valid request.
[2020-06-10 00:49:04 UTC] [0x00007fe057c42700] <info> : Request info: method: GET, uri: /itwc/sets/UCLABuildings/8.jpg
[2020-06-10 00:49:04 UTC] [0x00007fe054c3c700] <info> : Successfully closed connection with a client.
[2020-06-10 00:49:04 UTC] [0x00007fe057c42700] <info> : Successfully closed connection with a client.
[2020-06-10 00:49:05 UTC] [0x00007fe05643f700] <info> : Start session
[2020-06-10 00:49:05 UTC] [0x00007fe05643f700] <info> : Connection established with a client.
[2020-06-10 00:49:05 UTC] [0x00007fe05643f700] <info> : Start session
[2020-06-10 00:49:05 UTC] [0x00007fe05643f700] <info> : Connection established with a client.
[2020-06-10 00:49:05 UTC] [0x00007fe057441700] <debug> : START /itwc/sets/UCLABuildings/9.jpg
[2020-06-10 00:49:05 UTC] [0x00007fe05643f700] <debug> : START /itwc/sets/UCLABuildings/10.jpg
[2020-06-10 00:49:05 UTC] [0x00007fe057441700] <debug> : Incremented ITWC number of handler
[2020-06-10 00:49:05 UTC] [0x00007fe05643f700] <debug> : Incremented ITWC number of handler
[2020-06-10 00:49:05 UTC] [0x00007fe05643f700] <info> : ITWC handler accessing front.html
[2020-06-10 00:49:05 UTC] [0x00007fe057441700] <info> : ITWC handler accessing front.html
[2020-06-10 00:49:05 UTC] [0x00007fe05643f700] <info> : Access Successful.
[2020-06-10 00:49:05 UTC] [0x00007fe05643f700] <debug> : incremented 200 in the code map
[2020-06-10 00:49:05 UTC] [0x00007fe05643f700] <debug> : incremented /itwc/sets/UCLABuildings/10.jpg in the url map
[2020-06-10 00:49:05 UTC] [0x00007fe05643f700] <info> : [Message] Response created successfully [ResponseMetrics] (1)RESPONSE CODE: 200, (2)REQUEST HANDLER: ITWC, (3)IP_ADDRESS: 172.17.0.1
[2020-06-10 00:49:05 UTC] [0x00007fe057441700] <info> : Access Successful.
[2020-06-10 00:49:05 UTC] [0x00007fe05643f700] <info> : This is a valid request.
[2020-06-10 00:49:05 UTC] [0x00007fe05643f700] <info> : Request info: method: GET, uri: /itwc/sets/UCLABuildings/10.jpg
[2020-06-10 00:49:05 UTC] [0x00007fe057441700] <debug> : incremented 200 in the code map
[2020-06-10 00:49:05 UTC] [0x00007fe057441700] <debug> : incremented /itwc/sets/UCLABuildings/9.jpg in the url map
[2020-06-10 00:49:05 UTC] [0x00007fe057441700] <info> : [Message] Response created successfully [ResponseMetrics] (1)RESPONSE CODE: 200, (2)REQUEST HANDLER: ITWC, (3)IP_ADDRESS: 172.17.0.1
[2020-06-10 00:49:05 UTC] [0x00007fe05643f700] <info> : Successfully closed connection with a client.
[2020-06-10 00:49:05 UTC] [0x00007fe057441700] <info> : This is a valid request.
[2020-06-10 00:49:05 UTC] [0x00007fe057441700] <info> : Request info: method: GET, uri: /itwc/sets/UCLABuildings/9.jpg
[2020-06-10 00:49:05 UTC] [0x00007fe057441700] <info> : Successfully closed connection with a client.
[2020-06-10 00:49:06 UTC] [0x00007fe057c42700] <info> : Start session
[2020-06-10 00:49:06 UTC] [0x00007fe057c42700] <info> : Connection established with a client.
[2020-06-10 00:49:06 UTC] [0x00007fe05443b700] <info> : Start session
[2020-06-10 00:49:06 UTC] [0x00007fe05443b700] <info> : Connection established with a client.
[2020-06-10 00:49:06 UTC] [0x00007fe057c42700] <debug> : START /itwc/sets/UCLABuildings/11.jpg
[2020-06-10 00:49:06 UTC] [0x00007fe057c42700] <debug> : Incremented ITWC number of handler
[2020-06-10 00:49:06 UTC] [0x00007fe057c42700] <info> : ITWC handler accessing front.html
[2020-06-10 00:49:06 UTC] [0x00007fe05443b700] <debug> : START /itwc/sets/UCLABuildings/12.jpg
[2020-06-10 00:49:06 UTC] [0x00007fe05443b700] <debug> : Incremented ITWC number of handler
[2020-06-10 00:49:06 UTC] [0x00007fe05443b700] <info> : ITWC handler accessing front.html
[2020-06-10 00:49:06 UTC] [0x00007fe057c42700] <info> : Access Successful.
[2020-06-10 00:49:06 UTC] [0x00007fe057c42700] <debug> : incremented 200 in the code map
[2020-06-10 00:49:06 UTC] [0x00007fe057c42700] <debug> : incremented /itwc/sets/UCLABuildings/11.jpg in the url map
[2020-06-10 00:49:06 UTC] [0x00007fe057c42700] <info> : [Message] Response created successfully [ResponseMetrics] (1)RESPONSE CODE: 200, (2)REQUEST HANDLER: ITWC, (3)IP_ADDRESS: 172.17.0.1
[2020-06-10 00:49:06 UTC] [0x00007fe05443b700] <info> : Access Successful.
[2020-06-10 00:49:06 UTC] [0x00007fe057c42700] <info> : This is a valid request.
[2020-06-10 00:49:06 UTC] [0x00007fe057c42700] <info> : Request info: method: GET, uri: /itwc/sets/UCLABuildings/11.jpg
[2020-06-10 00:49:06 UTC] [0x00007fe057c42700] <info> : Successfully closed connection with a client.
[2020-06-10 00:49:06 UTC] [0x00007fe05443b700] <debug> : incremented 200 in the code map
[2020-06-10 00:49:06 UTC] [0x00007fe05443b700] <debug> : incremented /itwc/sets/UCLABuildings/12.jpg in the url map
[2020-06-10 00:49:06 UTC] [0x00007fe05443b700] <info> : [Message] Response created successfully [ResponseMetrics] (1)RESPONSE CODE: 200, (2)REQUEST HANDLER: ITWC, (3)IP_ADDRESS: 172.17.0.1
[2020-06-10 00:49:06 UTC] [0x00007fe05443b700] <info> : This is a valid request.
[2020-06-10 00:49:06 UTC] [0x00007fe05443b700] <info> : Request info: method: GET, uri: /itwc/sets/UCLABuildings/12.jpg
[2020-06-10 00:49:06 UTC] [0x00007fe05443b700] <info> : Successfully closed connection with a client.
[2020-06-10 00:49:06 UTC] [0x00007fe055c3e700] <info> : Start session
[2020-06-10 00:49:06 UTC] [0x00007fe055c3e700] <info> : Connection established with a client.
[2020-06-10 00:49:06 UTC] [0x00007fe056c40700] <info> : Start session
[2020-06-10 00:49:06 UTC] [0x00007fe056c40700] <info> : Connection established with a client.
[2020-06-10 00:49:06 UTC] [0x00007fe055c3e700] <debug> : START /itwc/sets/UCLABuildings/13.jpg
[2020-06-10 00:49:06 UTC] [0x00007fe056c40700] <debug> : START /itwc/sets/UCLABuildings/14.jpg
[2020-06-10 00:49:06 UTC] [0x00007fe055c3e700] <debug> : Incremented ITWC number of handler
[2020-06-10 00:49:06 UTC] [0x00007fe056c40700] <debug> : Incremented ITWC number of handler
[2020-06-10 00:49:06 UTC] [0x00007fe055c3e700] <info> : ITWC handler accessing front.html
[2020-06-10 00:49:06 UTC] [0x00007fe056c40700] <info> : ITWC handler accessing front.html
[2020-06-10 00:49:06 UTC] [0x00007fe055c3e700] <info> : Access Successful.
[2020-06-10 00:49:06 UTC] [0x00007fe056c40700] <info> : Access Successful.
[2020-06-10 00:49:06 UTC] [0x00007fe055c3e700] <debug> : incremented 200 in the code map
[2020-06-10 00:49:06 UTC] [0x00007fe055c3e700] <debug> : incremented /itwc/sets/UCLABuildings/13.jpg in the url map
[2020-06-10 00:49:06 UTC] [0x00007fe055c3e700] <info> : [Message] Response created successfully [ResponseMetrics] (1)RESPONSE CODE: 200, (2)REQUEST HANDLER: ITWC, (3)IP_ADDRESS: 172.17.0.1
[2020-06-10 00:49:06 UTC] [0x00007fe056c40700] <debug> : incremented 200 in the code map
[2020-06-10 00:49:06 UTC] [0x00007fe056c40700] <debug> : incremented /itwc/sets/UCLABuildings/14.jpg in the url map
[2020-06-10 00:49:06 UTC] [0x00007fe056c40700] <info> : [Message] Response created successfully [ResponseMetrics] (1)RESPONSE CODE: 200, (2)REQUEST HANDLER: ITWC, (3)IP_ADDRESS: 172.17.0.1
[2020-06-10 00:49:06 UTC] [0x00007fe055c3e700] <info> : This is a valid request.
[2020-06-10 00:49:06 UTC] [0x00007fe055c3e700] <info> : Request info: method: GET, uri: /itwc/sets/UCLABuildings/13.jpg
[2020-06-10 00:49:06 UTC] [0x00007fe056c40700] <info> : This is a valid request.
[2020-06-10 00:49:06 UTC] [0x00007fe056c40700] <info> : Request info: method: GET, uri: /itwc/sets/UCLABuildings/14.jpg
[2020-06-10 00:49:06 UTC] [0x00007fe055c3e700] <info> : Successfully closed connection with a client.
[2020-06-10 00:49:06 UTC] [0x00007fe054c3c700] <info> : Successfully closed connection with a client.
[2020-06-10 00:49:07 UTC] [0x00007fe05443b700] <info> : Start session
[2020-06-10 00:49:07 UTC] [0x00007fe05443b700] <info> : Connection established with a client.
[2020-06-10 00:49:07 UTC] [0x00007fe055c3e700] <info> : Start session
[2020-06-10 00:49:07 UTC] [0x00007fe055c3e700] <info> : Connection established with a client.
[2020-06-10 00:49:07 UTC] [0x00007fe055c3e700] <debug> : START /itwc/sets/UCLABuildings/16.jpg
[2020-06-10 00:49:07 UTC] [0x00007fe055c3e700] <debug> : Incremented ITWC number of handler
[2020-06-10 00:49:07 UTC] [0x00007fe055c3e700] <info> : ITWC handler accessing front.html
[2020-06-10 00:49:07 UTC] [0x00007fe05443b700] <debug> : START /itwc/sets/UCLABuildings/15.jpg
[2020-06-10 00:49:07 UTC] [0x00007fe05443b700] <debug> : Incremented ITWC number of handler
[2020-06-10 00:49:07 UTC] [0x00007fe05443b700] <info> : ITWC handler accessing front.html
[2020-06-10 00:49:07 UTC] [0x00007fe055c3e700] <info> : Access Successful.
[2020-06-10 00:49:07 UTC] [0x00007fe055c3e700] <debug> : incremented 200 in the code map
[2020-06-10 00:49:07 UTC] [0x00007fe055c3e700] <debug> : incremented /itwc/sets/UCLABuildings/16.jpg in the url map
[2020-06-10 00:49:07 UTC] [0x00007fe055c3e700] <info> : [Message] Response created successfully [ResponseMetrics] (1)RESPONSE CODE: 200, (2)REQUEST HANDLER: ITWC, (3)IP_ADDRESS: 172.17.0.1
[2020-06-10 00:49:07 UTC] [0x00007fe05443b700] <info> : Access Successful.
[2020-06-10 00:49:07 UTC] [0x00007fe055c3e700] <info> : This is a valid request.
[2020-06-10 00:49:07 UTC] [0x00007fe055c3e700] <info> : Request info: method: GET, uri: /itwc/sets/UCLABuildings/16.jpg
[2020-06-10 00:49:07 UTC] [0x00007fe05443b700] <debug> : incremented 200 in the code map
[2020-06-10 00:49:07 UTC] [0x00007fe05443b700] <debug> : incremented /itwc/sets/UCLABuildings/15.jpg in the url map
[2020-06-10 00:49:07 UTC] [0x00007fe05443b700] <info> : [Message] Response created successfully [ResponseMetrics] (1)RESPONSE CODE: 200, (2)REQUEST HANDLER: ITWC, (3)IP_ADDRESS: 172.17.0.1
[2020-06-10 00:49:07 UTC] [0x00007fe055c3e700] <info> : Successfully closed connection with a client.
[2020-06-10 00:49:07 UTC] [0x00007fe05443b700] <info> : This is a valid request.
[2020-06-10 00:49:07 UTC] [0x00007fe05443b700] <info> : Request info: method: GET, uri: /itwc/sets/UCLABuildings/15.jpg
[2020-06-10 00:49:07 UTC] [0x00007fe05443b700] <info> : Successfully closed connection with a client.
[2020-06-10 00:49:08 UTC] [0x00007fe056c40700] <info> : Start session
[2020-06-10 00:49:08 UTC] [0x00007fe056c40700] <info> : Connection established with a client.
[2020-06-10 00:49:08 UTC] [0x00007fe05643f700] <debug> : START /itwc/sets/UCLABuildings/18.jpg
[2020-06-10 00:49:08 UTC] [0x00007fe05643f700] <debug> : Incremented ITWC number of handler
[2020-06-10 00:49:08 UTC] [0x00007fe05643f700] <info> : ITWC handler accessing front.html
[2020-06-10 00:49:08 UTC] [0x00007fe056c40700] <info> : Start session
[2020-06-10 00:49:08 UTC] [0x00007fe056c40700] <info> : Connection established with a client.
[2020-06-10 00:49:08 UTC] [0x00007fe05643f700] <info> : Access Successful.
[2020-06-10 00:49:08 UTC] [0x00007fe05643f700] <debug> : incremented 200 in the code map
[2020-06-10 00:49:08 UTC] [0x00007fe05643f700] <debug> : incremented /itwc/sets/UCLABuildings/18.jpg in the url map
[2020-06-10 00:49:08 UTC] [0x00007fe05643f700] <info> : [Message] Response created successfully [ResponseMetrics] (1)RESPONSE CODE: 200, (2)REQUEST HANDLER: ITWC, (3)IP_ADDRESS: 172.17.0.1
[2020-06-10 00:49:08 UTC] [0x00007fe056c40700] <debug> : START /itwc/sets/UCLABuildings/17.jpg
[2020-06-10 00:49:08 UTC] [0x00007fe05643f700] <info> : This is a valid request.
[2020-06-10 00:49:08 UTC] [0x00007fe05643f700] <info> : Request info: method: GET, uri: /itwc/sets/UCLABuildings/18.jpg
[2020-06-10 00:49:08 UTC] [0x00007fe05643f700] <info> : Successfully closed connection with a client.
[2020-06-10 00:49:08 UTC] [0x00007fe056c40700] <debug> : Incremented ITWC number of handler
[2020-06-10 00:49:08 UTC] [0x00007fe056c40700] <info> : ITWC handler accessing front.html
[2020-06-10 00:49:08 UTC] [0x00007fe056c40700] <info> : Access Successful.
[2020-06-10 00:49:08 UTC] [0x00007fe056c40700] <debug> : incremented 200 in the code map
[2020-06-10 00:49:08 UTC] [0x00007fe056c40700] <debug> : incremented /itwc/sets/UCLABuildings/17.jpg in the url map
[2020-06-10 00:49:08 UTC] [0x00007fe056c40700] <info> : [Message] Response created successfully [ResponseMetrics] (1)RESPONSE CODE: 200, (2)REQUEST HANDLER: ITWC, (3)IP_ADDRESS: 172.17.0.1
[2020-06-10 00:49:08 UTC] [0x00007fe056c40700] <info> : This is a valid request.
[2020-06-10 00:49:08 UTC] [0x00007fe056c40700] <info> : Request info: method: GET, uri: /itwc/sets/UCLABuildings/17.jpg
[2020-06-10 00:49:08 UTC] [0x00007fe056c40700] <info> : Successfully closed connection with a client.
[2020-06-10 00:49:08 UTC] [0x00007fe057441700] <info> : Start session
[2020-06-10 00:49:08 UTC] [0x00007fe057441700] <info> : Connection established with a client.
[2020-06-10 00:49:08 UTC] [0x00007fe057441700] <info> : Start session
[2020-06-10 00:49:08 UTC] [0x00007fe057441700] <info> : Connection established with a client.
[2020-06-10 00:49:08 UTC] [0x00007fe057441700] <debug> : START /itwc/sets/UCLABuildings/20.jpg
[2020-06-10 00:49:08 UTC] [0x00007fe057441700] <debug> : Incremented ITWC number of handler
[2020-06-10 00:49:08 UTC] [0x00007fe057441700] <info> : ITWC handler accessing front.html
[2020-06-10 00:49:08 UTC] [0x00007fe05643f700] <debug> : START /itwc/sets/UCLABuildings/19.jpg
[2020-06-10 00:49:08 UTC] [0x00007fe05643f700] <debug> : Incremented ITWC number of handler
[2020-06-10 00:49:08 UTC] [0x00007fe05643f700] <info> : ITWC handler accessing front.html
[2020-06-10 00:49:08 UTC] [0x00007fe057441700] <info> : Access Successful.
[2020-06-10 00:49:08 UTC] [0x00007fe057441700] <debug> : incremented 200 in the code map
[2020-06-10 00:49:08 UTC] [0x00007fe057441700] <debug> : incremented /itwc/sets/UCLABuildings/20.jpg in the url map
[2020-06-10 00:49:08 UTC] [0x00007fe057441700] <info> : [Message] Response created successfully [ResponseMetrics] (1)RESPONSE CODE: 200, (2)REQUEST HANDLER: ITWC, (3)IP_ADDRESS: 172.17.0.1
[2020-06-10 00:49:08 UTC] [0x00007fe05643f700] <info> : Access Successful.
[2020-06-10 00:49:08 UTC] [0x00007fe057441700] <info> : This is a valid request.
[2020-06-10 00:49:08 UTC] [0x00007fe057441700] <info> : Request info: method: GET, uri: /itwc/sets/UCLABuildings/20.jpg
[2020-06-10 00:49:08 UTC] [0x00007fe05643f700] <debug> : incremented 200 in the code map
[2020-06-10 00:49:08 UTC] [0x00007fe05643f700] <debug> : incremented /itwc/sets/UCLABuildings/19.jpg in the url map
[2020-06-10 00:49:08 UTC] [0x00007fe057441700] <info> : Successfully closed connection with a client.
[2020-06-10 00:49:08 UTC] [0x00007fe05643f700] <info> : [Message] Response created successfully [ResponseMetrics] (1)RESPONSE CODE: 200, (2)REQUEST HANDLER: ITWC, (3)IP_ADDRESS: 172.17.0.1
[2020-06-10 00:49:08 UTC] [0x00007fe05643f700] <info> : This is a valid request.
[2020-06-10 00:49:08 UTC] [0x00007fe05643f700] <info> : Request info: method: GET, uri: /itwc/sets/UCLABuildings/19.jpg
[2020-06-10 00:49:08 UTC] [0x00007fe05643f700] <info> : Successfully closed connection with a client.
[2020-06-10 00:49:09 UTC] [0x00007fe054c3c700] <info> : Start session
[2020-06-10 00:49:09 UTC] [0x00007fe054c3c700] <info> : Connection established with a client.
[2020-06-10 00:49:09 UTC] [0x00007fe05543d700] <info> : Start session
[2020-06-10 00:49:09 UTC] [0x00007fe05543d700] <info> : Connection established with a client.
[2020-06-10 00:49:09 UTC] [0x00007fe057c42700] <debug> : START /itwc/
[2020-06-10 00:49:09 UTC] [0x00007fe057c42700] <debug> : Incremented ITWC number of handler
[2020-06-10 00:49:09 UTC] [0x00007fe057c42700] <info> : ITWC handler accessing front.html
[2020-06-10 00:49:09 UTC] [0x00007fe057c42700] <info> : Access Successful.
[2020-06-10 00:49:09 UTC] [0x00007fe057c42700] <debug> : incremented 200 in the code map
[2020-06-10 00:49:09 UTC] [0x00007fe057c42700] <debug> : incremented /itwc/html/front.html in the url map
[2020-06-10 00:49:09 UTC] [0x00007fe057c42700] <info> : [Message] Response created successfully [ResponseMetrics] (1)RESPONSE CODE: 200, (2)REQUEST HANDLER: ITWC, (3)IP_ADDRESS: 172.17.0.1
[2020-06-10 00:49:09 UTC] [0x00007fe057c42700] <info> : This is a valid request.
[2020-06-10 00:49:09 UTC] [0x00007fe057c42700] <info> : Request info: method: GET, uri: /itwc/
[2020-06-10 00:49:09 UTC] [0x00007fe057c42700] <info> : Successfully closed connection with a client.
[2020-06-10 00:49:09 UTC] [0x00007fe056c40700] <debug> : START /itwc/css/front.css
[2020-06-10 00:49:09 UTC] [0x00007fe056c40700] <debug> : Incremented ITWC number of handler
[2020-06-10 00:49:09 UTC] [0x00007fe056c40700] <info> : ITWC handler accessing front.html
[2020-06-10 00:49:09 UTC] [0x00007fe056c40700] <info> : Access Successful.
[2020-06-10 00:49:09 UTC] [0x00007fe056c40700] <debug> : incremented 200 in the code map
[2020-06-10 00:49:09 UTC] [0x00007fe056c40700] <debug> : incremented /itwc/css/front.css in the url map
[2020-06-10 00:49:09 UTC] [0x00007fe056c40700] <info> : [Message] Response created successfully [ResponseMetrics] (1)RESPONSE CODE: 200, (2)REQUEST HANDLER: ITWC, (3)IP_ADDRESS: 172.17.0.1
[2020-06-10 00:49:09 UTC] [0x00007fe056c40700] <info> : This is a valid request.
[2020-06-10 00:49:09 UTC] [0x00007fe056c40700] <info> : Request info: method: GET, uri: /itwc/css/front.css
[2020-06-10 00:49:09 UTC] [0x00007fe056c40700] <info> : Successfully closed connection with a client.
[2020-06-10 00:49:16 UTC] [0x00007fe057441700] <info> : Start session
[2020-06-10 00:49:16 UTC] [0x00007fe057441700] <info> : Connection established with a client.
[2020-06-10 00:49:16 UTC] [0x00007fe05643f700] <info> : Successfully closed connection with a client.
[2020-06-10 00:49:16 UTC] [0x00007fe057441700] <info> : Successfully closed connection with a client.
