Determining if the pthread_create exist failed with the following output:
Change Dir: /usr/src/projects/gerrit-masters/build/CMakeFiles/CMakeTmp

Run Build Command:"/usr/bin/make" "cmTC_c40ad/fast"
/usr/bin/make -f CMakeFiles/cmTC_c40ad.dir/build.make CMakeFiles/cmTC_c40ad.dir/build
make[1]: Entering directory '/usr/src/projects/gerrit-masters/build/CMakeFiles/CMakeTmp'
Building C object CMakeFiles/cmTC_c40ad.dir/CheckSymbolExists.c.o
/usr/bin/cc    -o CMakeFiles/cmTC_c40ad.dir/CheckSymbolExists.c.o   -c /usr/src/projects/gerrit-masters/build/CMakeFiles/CMakeTmp/CheckSymbolExists.c
Linking C executable cmTC_c40ad
/usr/bin/cmake -E cmake_link_script CMakeFiles/cmTC_c40ad.dir/link.txt --verbose=1
/usr/bin/cc      -rdynamic CMakeFiles/cmTC_c40ad.dir/CheckSymbolExists.c.o  -o cmTC_c40ad 
CMakeFiles/cmTC_c40ad.dir/CheckSymbolExists.c.o: In function `main':
CheckSymbolExists.c:(.text+0x1b): undefined reference to `pthread_create'
collect2: error: ld returned 1 exit status
CMakeFiles/cmTC_c40ad.dir/build.make:97: recipe for target 'cmTC_c40ad' failed
make[1]: *** [cmTC_c40ad] Error 1
make[1]: Leaving directory '/usr/src/projects/gerrit-masters/build/CMakeFiles/CMakeTmp'
Makefile:126: recipe for target 'cmTC_c40ad/fast' failed
make: *** [cmTC_c40ad/fast] Error 2

File /usr/src/projects/gerrit-masters/build/CMakeFiles/CMakeTmp/CheckSymbolExists.c:
/* */
#include <pthread.h>

int main(int argc, char** argv)
{
  (void)argv;
#ifndef pthread_create
  return ((int*)(&pthread_create))[argc];
#else
  (void)argc;
  return 0;
#endif
}

Determining if the function pthread_create exists in the pthreads failed with the following output:
Change Dir: /usr/src/projects/gerrit-masters/build/CMakeFiles/CMakeTmp

Run Build Command:"/usr/bin/make" "cmTC_e9c24/fast"
/usr/bin/make -f CMakeFiles/cmTC_e9c24.dir/build.make CMakeFiles/cmTC_e9c24.dir/build
make[1]: Entering directory '/usr/src/projects/gerrit-masters/build/CMakeFiles/CMakeTmp'
Building C object CMakeFiles/cmTC_e9c24.dir/CheckFunctionExists.c.o
/usr/bin/cc   -DCHECK_FUNCTION_EXISTS=pthread_create   -o CMakeFiles/cmTC_e9c24.dir/CheckFunctionExists.c.o   -c /usr/share/cmake-3.10/Modules/CheckFunctionExists.c
Linking C executable cmTC_e9c24
/usr/bin/cmake -E cmake_link_script CMakeFiles/cmTC_e9c24.dir/link.txt --verbose=1
/usr/bin/cc  -DCHECK_FUNCTION_EXISTS=pthread_create    -rdynamic CMakeFiles/cmTC_e9c24.dir/CheckFunctionExists.c.o  -o cmTC_e9c24 -lpthreads 
/usr/bin/ld: cannot find -lpthreads
collect2: error: ld returned 1 exit status
CMakeFiles/cmTC_e9c24.dir/build.make:97: recipe for target 'cmTC_e9c24' failed
make[1]: *** [cmTC_e9c24] Error 1
make[1]: Leaving directory '/usr/src/projects/gerrit-masters/build/CMakeFiles/CMakeTmp'
Makefile:126: recipe for target 'cmTC_e9c24/fast' failed
make: *** [cmTC_e9c24/fast] Error 2


